<?xml version="1.0" encoding="UTF-8"?>
<testng-results skipped="0" failed="0" total="0" passed="0">
  <reporter-output>
  </reporter-output>
  <suite name="JavaAndSelenium.JavaAndSelenium.AppTest" duration-ms="6" started-at="2021-04-06T16:52:00Z" finished-at="2021-04-06T16:52:00Z">
    <groups>
    </groups>
    <test name="Command line test" duration-ms="6" started-at="2021-04-06T16:52:00Z" finished-at="2021-04-06T16:52:00Z">
    </test> <!-- Command line test -->
  </suite> <!-- JavaAndSelenium.JavaAndSelenium.AppTest -->
</testng-results>
